
/home/runner/work/exp-precompensator-design-iitkgp/exp-precompensator-design-iitkgp/experiment/simulation/js/DS.js
    4:10   warning  'inputChange' is defined but never used             no-unused-vars
   15:10   warning  'refresh' is defined but never used                 no-unused-vars
   30:5    warning  'dataOPPoints' is assigned a value but never used   no-unused-vars
   31:5    warning  'dataOPPoints1' is assigned a value but never used  no-unused-vars
   34:10   warning  'system' is defined but never used                  no-unused-vars
   38:1    warning  Mixed spaces and tabs                               no-mixed-spaces-and-tabs
   46:1    warning  Mixed spaces and tabs                               no-mixed-spaces-and-tabs
   50:12   warning  'math' is not defined                               no-undef
   50:21   warning  'math' is not defined                               no-undef
   50:37   warning  'math' is not defined                               no-undef
   50:52   warning  'math' is not defined                               no-undef
   52:2    warning  Mixed spaces and tabs                               no-mixed-spaces-and-tabs
   52:15   warning  'math' is not defined                               no-undef
   52:27   warning  'math' is not defined                               no-undef
   52:38   warning  'math' is not defined                               no-undef
   52:52   warning  'math' is not defined                               no-undef
   52:65   warning  'math' is not defined                               no-undef
   52:79   warning  'math' is not defined                               no-undef
   52:90   warning  'math' is not defined                               no-undef
   54:12   warning  'math' is not defined                               no-undef
   54:24   warning  'math' is not defined                               no-undef
   54:35   warning  'math' is not defined                               no-undef
   54:49   warning  'math' is not defined                               no-undef
   54:61   warning  'math' is not defined                               no-undef
   54:104  warning  Unnecessary semicolon                               no-extra-semi
   55:11   warning  'math' is not defined                               no-undef
   55:23   warning  'math' is not defined                               no-undef
   55:34   warning  'math' is not defined                               no-undef
   55:48   warning  'math' is not defined                               no-undef
   55:60   warning  'math' is not defined                               no-undef
   55:71   warning  'math' is not defined                               no-undef
   55:111  warning  Unnecessary semicolon                               no-extra-semi
   57:12   warning  'math' is not defined                               no-undef
   57:24   warning  'math' is not defined                               no-undef
   57:35   warning  'math' is not defined                               no-undef
   57:49   warning  'math' is not defined                               no-undef
   57:62   warning  'math' is not defined                               no-undef
   57:101  warning  Unnecessary semicolon                               no-extra-semi
   58:12   warning  'math' is not defined                               no-undef
   58:24   warning  'math' is not defined                               no-undef
   58:35   warning  'math' is not defined                               no-undef
   58:49   warning  'math' is not defined                               no-undef
   58:61   warning  'math' is not defined                               no-undef
   58:70   warning  'math' is not defined                               no-undef
   58:93   warning  'math' is not defined                               no-undef
   58:135  warning  Unnecessary semicolon                               no-extra-semi
   59:11   warning  'math' is not defined                               no-undef
   59:23   warning  'math' is not defined                               no-undef
   59:34   warning  'math' is not defined                               no-undef
   59:48   warning  'math' is not defined                               no-undef
   59:60   warning  'math' is not defined                               no-undef
   59:97   warning  Unnecessary semicolon                               no-extra-semi
   61:12   warning  'a13' is not defined                                no-undef
   61:16   warning  'a14' is not defined                                no-undef
   61:20   warning  'a21' is not defined                                no-undef
   61:24   warning  'a24' is not defined                                no-undef
   61:28   warning  'a31' is not defined                                no-undef
   61:32   warning  'a32' is not defined                                no-undef
   61:36   warning  'a33' is not defined                                no-undef
   61:40   warning  'a41' is not defined                                no-undef
   61:44   warning  'a44' is not defined                                no-undef
   61:48   warning  'b1' is not defined                                 no-undef
   61:51   warning  'b3' is not defined                                 no-undef
   61:54   warning  'c12' is not defined                                no-undef
   61:58   warning  'c13' is not defined                                no-undef
   61:62   warning  'c14' is not defined                                no-undef
   61:66   warning  'c21' is not defined                                no-undef
   61:70   warning  'c22' is not defined                                no-undef
   61:74   warning  'c24' is not defined                                no-undef
   61:78   warning  'd11' is not defined                                no-undef
   61:82   warning  'd21' is not defined                                no-undef
   62:12   warning  'a34' is not defined                                no-undef
   62:16   warning  'c11' is not defined                                no-undef
   62:20   warning  'c23' is not defined                                no-undef
   64:13   warning  'math' is not defined                               no-undef
   64:37   warning  'a13' is not defined                                no-undef
   64:42   warning  'a14' is not defined                                no-undef
   64:49   warning  'a21' is not defined                                no-undef
   64:64   warning  'a24' is not defined                                no-undef
   64:71   warning  'a31' is not defined                                no-undef
   64:76   warning  'a32' is not defined                                no-undef
   64:81   warning  'a33' is not defined                                no-undef
   64:86   warning  'a34' is not defined                                no-undef
   64:93   warning  'a41' is not defined                                no-undef
   64:108  warning  'a44' is not defined                                no-undef
   65:8    warning  'mB' is assigned a value but never used             no-unused-vars
   65:13   warning  'math' is not defined                               no-undef
   65:27   warning  'b1' is not defined                                 no-undef
   65:39   warning  'b3' is not defined                                 no-undef
   66:8    warning  'mC' is assigned a value but never used             no-unused-vars
   66:13   warning  'math' is not defined                               no-undef
   66:27   warning  'c11' is not defined                                no-undef
   66:32   warning  'c12' is not defined                                no-undef
   66:37   warning  'c13' is not defined                                no-undef
   66:42   warning  'c14' is not defined                                no-undef
   66:48   warning  'c21' is not defined                                no-undef
   66:53   warning  'c22' is not defined                                no-undef
   66:58   warning  'c23' is not defined                                no-undef
   66:63   warning  'c24' is not defined                                no-undef
   67:8    warning  'mD' is assigned a value but never used             no-unused-vars
   67:13   warning  'math' is not defined                               no-undef
   67:27   warning  'd11' is not defined                                no-undef
   67:34   warning  'd21' is not defined                                no-undef
   71:77   warning  'a13' is not defined                                no-undef
   71:87   warning  'a14' is not defined                                no-undef
   71:99   warning  'a21' is not defined                                no-undef
   71:127  warning  'a24' is not defined                                no-undef
   71:139  warning  'a31' is not defined                                no-undef
   71:149  warning  'a32' is not defined                                no-undef
   71:159  warning  'a33' is not defined                                no-undef
   71:169  warning  'a34' is not defined                                no-undef
   71:181  warning  'a41' is not defined                                no-undef
   71:211  warning  'a44' is not defined                                no-undef
   72:57   warning  'b1' is not defined                                 no-undef
   72:79   warning  'b3' is not defined                                 no-undef
   73:57   warning  'c11' is not defined                                no-undef
   73:67   warning  'c12' is not defined                                no-undef
   73:77   warning  'c13' is not defined                                no-undef
   73:87   warning  'c14' is not defined                                no-undef
   73:99   warning  'c21' is not defined                                no-undef
   73:107  warning  'c22' is not defined                                no-undef
   73:117  warning  'c23' is not defined                                no-undef
   73:127  warning  'c24' is not defined                                no-undef
   74:57   warning  'd11' is not defined                                no-undef
   74:69   warning  'd21' is not defined                                no-undef
   87:1    warning  Mixed spaces and tabs                               no-mixed-spaces-and-tabs
   88:1    warning  Mixed spaces and tabs                               no-mixed-spaces-and-tabs
   91:1    warning  Mixed spaces and tabs                               no-mixed-spaces-and-tabs
   92:1    warning  Mixed spaces and tabs                               no-mixed-spaces-and-tabs
   95:12   warning  'math' is not defined                               no-undef
   99:12   warning  'math' is not defined                               no-undef
   99:24   warning  'math' is not defined                               no-undef
   99:35   warning  'math' is not defined                               no-undef
  100:12   warning  'math' is not defined                               no-undef
  100:24   warning  'math' is not defined                               no-undef
  100:35   warning  'math' is not defined                               no-undef
  101:12   warning  'math' is not defined                               no-undef
  101:24   warning  'math' is not defined                               no-undef
  101:35   warning  'math' is not defined                               no-undef
  102:12   warning  'math' is not defined                               no-undef
  102:24   warning  'math' is not defined                               no-undef
  102:35   warning  'math' is not defined                               no-undef
  112:4    warning  'E1' is not defined                                 no-undef
  113:4    warning  'E2' is not defined                                 no-undef
  114:4    warning  'E3' is not defined                                 no-undef
  115:4    warning  'E4' is not defined                                 no-undef
  152:1    warning  Mixed spaces and tabs                               no-mixed-spaces-and-tabs
  270:1    warning  Mixed spaces and tabs                               no-mixed-spaces-and-tabs
  281:10   warning  'EP' is defined but never used                      no-unused-vars
  284:1    warning  Mixed spaces and tabs                               no-mixed-spaces-and-tabs
  291:4    warning  'DP1' is not defined                                no-undef
  292:4    warning  'DP2' is not defined                                no-undef
  293:4    warning  'DP3' is not defined                                no-undef
  294:4    warning  'DP4' is not defined                                no-undef
  310:9    warning  'Cntrl_Test4' is defined but never used             no-unused-vars
  311:6    warning  'Cntrl_Test5' is defined but never used             no-unused-vars
  312:10   warning  'SFG' is defined but never used                     no-unused-vars
  317:1    warning  Mixed spaces and tabs                               no-mixed-spaces-and-tabs
  318:1    warning  Mixed spaces and tabs                               no-mixed-spaces-and-tabs
  319:1    warning  Mixed spaces and tabs                               no-mixed-spaces-and-tabs
  320:1    warning  Mixed spaces and tabs                               no-mixed-spaces-and-tabs
  337:1    warning  Mixed spaces and tabs                               no-mixed-spaces-and-tabs
  341:12   warning  'math' is not defined                               no-undef
  341:21   warning  'math' is not defined                               no-undef
  341:37   warning  'math' is not defined                               no-undef
  341:52   warning  'math' is not defined                               no-undef
  343:2    warning  Mixed spaces and tabs                               no-mixed-spaces-and-tabs
  343:15   warning  'math' is not defined                               no-undef
  343:27   warning  'math' is not defined                               no-undef
  343:38   warning  'math' is not defined                               no-undef
  343:52   warning  'math' is not defined                               no-undef
  343:65   warning  'math' is not defined                               no-undef
  343:79   warning  'math' is not defined                               no-undef
  343:90   warning  'math' is not defined                               no-undef
  345:12   warning  'math' is not defined                               no-undef
  345:24   warning  'math' is not defined                               no-undef
  345:35   warning  'math' is not defined                               no-undef
  345:49   warning  'math' is not defined                               no-undef
  345:61   warning  'math' is not defined                               no-undef
  345:104  warning  Unnecessary semicolon                               no-extra-semi
  346:11   warning  'math' is not defined                               no-undef
  346:23   warning  'math' is not defined                               no-undef
  346:34   warning  'math' is not defined                               no-undef
  346:48   warning  'math' is not defined                               no-undef
  346:60   warning  'math' is not defined                               no-undef
  346:71   warning  'math' is not defined                               no-undef
  346:111  warning  Unnecessary semicolon                               no-extra-semi
  348:12   warning  'math' is not defined                               no-undef
  348:24   warning  'math' is not defined                               no-undef
  348:35   warning  'math' is not defined                               no-undef
  348:49   warning  'math' is not defined                               no-undef
  348:62   warning  'math' is not defined                               no-undef
  348:101  warning  Unnecessary semicolon                               no-extra-semi
  349:12   warning  'math' is not defined                               no-undef
  349:24   warning  'math' is not defined                               no-undef
  349:35   warning  'math' is not defined                               no-undef
  349:49   warning  'math' is not defined                               no-undef
  349:61   warning  'math' is not defined                               no-undef
  349:70   warning  'math' is not defined                               no-undef
  349:93   warning  'math' is not defined                               no-undef
  349:135  warning  Unnecessary semicolon                               no-extra-semi
  350:11   warning  'math' is not defined                               no-undef
  350:23   warning  'math' is not defined                               no-undef
  350:34   warning  'math' is not defined                               no-undef
  350:48   warning  'math' is not defined                               no-undef
  350:60   warning  'math' is not defined                               no-undef
  350:97   warning  Unnecessary semicolon                               no-extra-semi
  352:12   warning  'a13' is not defined                                no-undef
  352:16   warning  'a14' is not defined                                no-undef
  352:20   warning  'a21' is not defined                                no-undef
  352:24   warning  'a24' is not defined                                no-undef
  352:28   warning  'a31' is not defined                                no-undef
  352:32   warning  'a32' is not defined                                no-undef
  352:36   warning  'a33' is not defined                                no-undef
  352:40   warning  'a41' is not defined                                no-undef
  352:44   warning  'a44' is not defined                                no-undef
  352:48   warning  'b1' is not defined                                 no-undef
  352:51   warning  'b3' is not defined                                 no-undef
  352:54   warning  'c12' is not defined                                no-undef
  352:58   warning  'c13' is not defined                                no-undef
  352:62   warning  'c14' is not defined                                no-undef
  352:66   warning  'c21' is not defined                                no-undef
  352:70   warning  'c22' is not defined                                no-undef
  352:74   warning  'c24' is not defined                                no-undef
  353:12   warning  'a34' is not defined                                no-undef
  353:16   warning  'c11' is not defined                                no-undef
  353:20   warning  'c23' is not defined                                no-undef
  355:13   warning  'math' is not defined                               no-undef
  355:37   warning  'a13' is not defined                                no-undef
  355:42   warning  'a14' is not defined                                no-undef
  355:49   warning  'a21' is not defined                                no-undef
  355:64   warning  'a24' is not defined                                no-undef
  355:71   warning  'a31' is not defined                                no-undef
  355:76   warning  'a32' is not defined                                no-undef
  355:81   warning  'a33' is not defined                                no-undef
  355:86   warning  'a34' is not defined                                no-undef
  355:93   warning  'a41' is not defined                                no-undef
  355:108  warning  'a44' is not defined                                no-undef
  356:23   warning  'math' is not defined                               no-undef
  356:37   warning  'c11' is not defined                                no-undef
  356:42   warning  'c12' is not defined                                no-undef
  356:47   warning  'c13' is not defined                                no-undef
  356:52   warning  'c14' is not defined                                no-undef
  357:13   warning  'math' is not defined                               no-undef
  357:27   warning  'b1' is not defined                                 no-undef
  357:39   warning  'b3' is not defined                                 no-undef
  359:26   warning  'a21' is not defined                                no-undef
  359:30   warning  'a13' is not defined                                no-undef
  359:34   warning  'a31' is not defined                                no-undef
  359:38   warning  'a14' is not defined                                no-undef
  359:42   warning  'a41' is not defined                                no-undef
  360:30   warning  'a13' is not defined                                no-undef
  360:34   warning  'a32' is not defined                                no-undef
  360:38   warning  'a14' is not defined                                no-undef
  361:18   warning  'a13' is not defined                                no-undef
  361:30   warning  'a13' is not defined                                no-undef
  361:34   warning  'a33' is not defined                                no-undef
  361:38   warning  'a14' is not defined                                no-undef
  362:18   warning  'a14' is not defined                                no-undef
  362:26   warning  'a24' is not defined                                no-undef
  362:30   warning  'a13' is not defined                                no-undef
  362:34   warning  'a34' is not defined                                no-undef
  362:38   warning  'a14' is not defined                                no-undef
  362:42   warning  'a44' is not defined                                no-undef
  364:14   warning  'a21' is not defined                                no-undef
  364:27   warning  'a21' is not defined                                no-undef
  364:36   warning  'a31' is not defined                                no-undef
  364:41   warning  'a24' is not defined                                no-undef
  364:45   warning  'a41' is not defined                                no-undef
  365:14   warning  'a21' is not defined                                no-undef
  365:36   warning  'a32' is not defined                                no-undef
  365:41   warning  'a24' is not defined                                no-undef
  366:14   warning  'a21' is not defined                                no-undef
  366:18   warning  'a13' is not defined                                no-undef
  366:36   warning  'a33' is not defined                                no-undef
  366:41   warning  'a24' is not defined                                no-undef
  367:14   warning  'a21' is not defined                                no-undef
  367:18   warning  'a14' is not defined                                no-undef
  367:27   warning  'a24' is not defined                                no-undef
  367:36   warning  'a34' is not defined                                no-undef
  367:41   warning  'a24' is not defined                                no-undef
  367:45   warning  'a44' is not defined                                no-undef
  369:14   warning  'a31' is not defined                                no-undef
  369:23   warning  'a32' is not defined                                no-undef
  369:27   warning  'a21' is not defined                                no-undef
  369:32   warning  'a33' is not defined                                no-undef
  369:36   warning  'a31' is not defined                                no-undef
  369:41   warning  'a34' is not defined                                no-undef
  369:45   warning  'a41' is not defined                                no-undef
  370:14   warning  'a31' is not defined                                no-undef
  370:23   warning  'a32' is not defined                                no-undef
  370:32   warning  'a33' is not defined                                no-undef
  370:36   warning  'a32' is not defined                                no-undef
  370:41   warning  'a34' is not defined                                no-undef
  371:14   warning  'a31' is not defined                                no-undef
  371:18   warning  'a13' is not defined                                no-undef
  371:23   warning  'a32' is not defined                                no-undef
  371:32   warning  'a33' is not defined                                no-undef
  371:36   warning  'a33' is not defined                                no-undef
  371:41   warning  'a34' is not defined                                no-undef
  372:14   warning  'a31' is not defined                                no-undef
  372:18   warning  'a14' is not defined                                no-undef
  372:23   warning  'a32' is not defined                                no-undef
  372:27   warning  'a24' is not defined                                no-undef
  372:32   warning  'a33' is not defined                                no-undef
  372:36   warning  'a34' is not defined                                no-undef
  372:41   warning  'a34' is not defined                                no-undef
  372:45   warning  'a44' is not defined                                no-undef
  374:14   warning  'a41' is not defined                                no-undef
  374:27   warning  'a21' is not defined                                no-undef
  374:36   warning  'a31' is not defined                                no-undef
  374:41   warning  'a44' is not defined                                no-undef
  374:45   warning  'a41' is not defined                                no-undef
  375:14   warning  'a41' is not defined                                no-undef
  375:36   warning  'a32' is not defined                                no-undef
  375:41   warning  'a44' is not defined                                no-undef
  376:14   warning  'a41' is not defined                                no-undef
  376:18   warning  'a13' is not defined                                no-undef
  376:36   warning  'a33' is not defined                                no-undef
  376:41   warning  'a44' is not defined                                no-undef
  377:14   warning  'a41' is not defined                                no-undef
  377:18   warning  'a14' is not defined                                no-undef
  377:27   warning  'a24' is not defined                                no-undef
  377:36   warning  'a34' is not defined                                no-undef
  377:41   warning  'a44' is not defined                                no-undef
  377:45   warning  'a44' is not defined                                no-undef
  381:33   warning  'a13' is not defined                                no-undef
  381:42   warning  'a14' is not defined                                no-undef
  382:33   warning  'a13' is not defined                                no-undef
  382:42   warning  'a14' is not defined                                no-undef
  383:33   warning  'a13' is not defined                                no-undef
  383:42   warning  'a14' is not defined                                no-undef
  384:33   warning  'a13' is not defined                                no-undef
  384:42   warning  'a14' is not defined                                no-undef
  386:15   warning  'a21' is not defined                                no-undef
  386:45   warning  'a24' is not defined                                no-undef
  387:15   warning  'a21' is not defined                                no-undef
  387:45   warning  'a24' is not defined                                no-undef
  388:15   warning  'a21' is not defined                                no-undef
  388:45   warning  'a24' is not defined                                no-undef
  389:15   warning  'a21' is not defined                                no-undef
  389:45   warning  'a24' is not defined                                no-undef
  391:15   warning  'a31' is not defined                                no-undef
  391:25   warning  'a32' is not defined                                no-undef
  391:35   warning  'a33' is not defined                                no-undef
  391:45   warning  'a34' is not defined                                no-undef
  392:15   warning  'a31' is not defined                                no-undef
  392:25   warning  'a32' is not defined                                no-undef
  392:35   warning  'a33' is not defined                                no-undef
  392:45   warning  'a34' is not defined                                no-undef
  393:15   warning  'a31' is not defined                                no-undef
  393:25   warning  'a32' is not defined                                no-undef
  393:35   warning  'a33' is not defined                                no-undef
  393:45   warning  'a34' is not defined                                no-undef
  394:15   warning  'a31' is not defined                                no-undef
  394:25   warning  'a32' is not defined                                no-undef
  394:35   warning  'a33' is not defined                                no-undef
  394:45   warning  'a34' is not defined                                no-undef
  396:15   warning  'a41' is not defined                                no-undef
  396:45   warning  'a44' is not defined                                no-undef
  397:15   warning  'a41' is not defined                                no-undef
  397:45   warning  'a44' is not defined                                no-undef
  398:15   warning  'a41' is not defined                                no-undef
  398:45   warning  'a44' is not defined                                no-undef
  399:15   warning  'a41' is not defined                                no-undef
  399:45   warning  'a44' is not defined                                no-undef
  403:13   warning  'math' is not defined                               no-undef
  403:25   warning  'math' is not defined                               no-undef
  403:36   warning  'math' is not defined                               no-undef
  403:50   warning  'b1' is not defined                                 no-undef
  403:66   warning  'b3' is not defined                                 no-undef
  403:69   warning  'a13' is not defined                                no-undef
  403:77   warning  'a14' is not defined                                no-undef
  404:13   warning  'math' is not defined                               no-undef
  404:25   warning  'math' is not defined                               no-undef
  404:36   warning  'math' is not defined                               no-undef
  404:50   warning  'b1' is not defined                                 no-undef
  404:53   warning  'a21' is not defined                                no-undef
  404:66   warning  'b3' is not defined                                 no-undef
  404:77   warning  'a24' is not defined                                no-undef
  405:13   warning  'math' is not defined                               no-undef
  405:25   warning  'math' is not defined                               no-undef
  405:36   warning  'math' is not defined                               no-undef
  405:50   warning  'b1' is not defined                                 no-undef
  405:53   warning  'a31' is not defined                                no-undef
  405:61   warning  'a32' is not defined                                no-undef
  405:66   warning  'b3' is not defined                                 no-undef
  405:69   warning  'a33' is not defined                                no-undef
  405:77   warning  'a34' is not defined                                no-undef
  406:13   warning  'math' is not defined                               no-undef
  406:25   warning  'math' is not defined                               no-undef
  406:36   warning  'math' is not defined                               no-undef
  406:50   warning  'b1' is not defined                                 no-undef
  406:53   warning  'a41' is not defined                                no-undef
  406:66   warning  'b3' is not defined                                 no-undef
  406:77   warning  'a44' is not defined                                no-undef
  410:14   warning  'math' is not defined                               no-undef
  410:26   warning  'math' is not defined                               no-undef
  410:37   warning  'math' is not defined                               no-undef
  410:51   warning  'b1' is not defined                                 no-undef
  410:69   warning  'b3' is not defined                                 no-undef
  411:14   warning  'math' is not defined                               no-undef
  411:26   warning  'math' is not defined                               no-undef
  411:37   warning  'math' is not defined                               no-undef
  411:51   warning  'b1' is not defined                                 no-undef
  411:69   warning  'b3' is not defined                                 no-undef
  412:14   warning  'math' is not defined                               no-undef
  412:26   warning  'math' is not defined                               no-undef
  412:37   warning  'math' is not defined                               no-undef
  412:51   warning  'b1' is not defined                                 no-undef
  412:69   warning  'b3' is not defined                                 no-undef
  413:14   warning  'math' is not defined                               no-undef
  413:26   warning  'math' is not defined                               no-undef
  413:37   warning  'math' is not defined                               no-undef
  413:51   warning  'b1' is not defined                                 no-undef
  413:69   warning  'b3' is not defined                                 no-undef
  417:15   warning  'math' is not defined                               no-undef
  417:27   warning  'math' is not defined                               no-undef
  417:38   warning  'math' is not defined                               no-undef
  417:52   warning  'b1' is not defined                                 no-undef
  417:72   warning  'b3' is not defined                                 no-undef
  418:15   warning  'math' is not defined                               no-undef
  418:27   warning  'math' is not defined                               no-undef
  418:38   warning  'math' is not defined                               no-undef
  418:52   warning  'b1' is not defined                                 no-undef
  418:72   warning  'b3' is not defined                                 no-undef
  419:15   warning  'math' is not defined                               no-undef
  419:27   warning  'math' is not defined                               no-undef
  419:38   warning  'math' is not defined                               no-undef
  419:52   warning  'b1' is not defined                                 no-undef
  419:72   warning  'b3' is not defined                                 no-undef
  420:15   warning  'math' is not defined                               no-undef
  420:27   warning  'math' is not defined                               no-undef
  420:38   warning  'math' is not defined                               no-undef
  420:52   warning  'b1' is not defined                                 no-undef
  420:72   warning  'b3' is not defined                                 no-undef
  423:11   warning  'math' is not defined                               no-undef
  423:24   warning  'b1' is not defined                                 no-undef
  423:32   warning  'b3' is not defined                                 no-undef
  424:12   warning  'math' is not defined                               no-undef
  425:13   warning  'math' is not defined                               no-undef
  426:14   warning  'math' is not defined                               no-undef
  437:12   warning  'math' is not defined                               no-undef
  437:26   warning  'b1' is not defined                                 no-undef
  437:72   warning  'b3' is not defined                                 no-undef
  439:70   warning  'b1' is not defined                                 no-undef
  439:156  warning  'b3' is not defined                                 no-undef
  441:13   warning  'math' is not defined                               no-undef
  441:25   warning  'math' is not defined                               no-undef
  441:36   warning  'math' is not defined                               no-undef
  441:50   warning  'math' is not defined                               no-undef
  449:3    warning  Mixed spaces and tabs                               no-mixed-spaces-and-tabs
  450:3    warning  Mixed spaces and tabs                               no-mixed-spaces-and-tabs
  451:3    warning  Mixed spaces and tabs                               no-mixed-spaces-and-tabs
  452:3    warning  Mixed spaces and tabs                               no-mixed-spaces-and-tabs
  453:3    warning  Mixed spaces and tabs                               no-mixed-spaces-and-tabs
  454:3    warning  Mixed spaces and tabs                               no-mixed-spaces-and-tabs
  455:3    warning  Mixed spaces and tabs                               no-mixed-spaces-and-tabs
  455:22   warning  'math' is not defined                               no-undef
  456:3    warning  Mixed spaces and tabs                               no-mixed-spaces-and-tabs
  456:19   warning  'math' is not defined                               no-undef
  457:3    warning  Mixed spaces and tabs                               no-mixed-spaces-and-tabs
  457:19   warning  'math' is not defined                               no-undef
  458:3    warning  Mixed spaces and tabs                               no-mixed-spaces-and-tabs
  459:3    warning  Mixed spaces and tabs                               no-mixed-spaces-and-tabs
  460:3    warning  Mixed spaces and tabs                               no-mixed-spaces-and-tabs
  461:3    warning  Mixed spaces and tabs                               no-mixed-spaces-and-tabs
  461:14   warning  'math' is not defined                               no-undef
  461:26   warning  'math' is not defined                               no-undef
  461:37   warning  'math' is not defined                               no-undef
  461:51   warning  'math' is not defined                               no-undef
  461:73   warning  'math' is not defined                               no-undef
  462:3    warning  Mixed spaces and tabs                               no-mixed-spaces-and-tabs
  463:3    warning  Mixed spaces and tabs                               no-mixed-spaces-and-tabs
  463:16   warning  'math' is not defined                               no-undef
  463:28   warning  'math' is not defined                               no-undef
  463:39   warning  'math' is not defined                               no-undef
  463:53   warning  'math' is not defined                               no-undef
  463:65   warning  'math' is not defined                               no-undef
  464:3    warning  Mixed spaces and tabs                               no-mixed-spaces-and-tabs
  465:3    warning  Mixed spaces and tabs                               no-mixed-spaces-and-tabs
  465:18   warning  'math' is not defined                               no-undef
  466:3    warning  Mixed spaces and tabs                               no-mixed-spaces-and-tabs
  466:18   warning  'math' is not defined                               no-undef
  467:3    warning  Mixed spaces and tabs                               no-mixed-spaces-and-tabs
  467:18   warning  'math' is not defined                               no-undef
  468:3    warning  Mixed spaces and tabs                               no-mixed-spaces-and-tabs
  468:18   warning  'math' is not defined                               no-undef
  469:3    warning  Mixed spaces and tabs                               no-mixed-spaces-and-tabs
  470:3    warning  Mixed spaces and tabs                               no-mixed-spaces-and-tabs
  470:20   warning  'math' is not defined                               no-undef
  471:3    warning  Mixed spaces and tabs                               no-mixed-spaces-and-tabs
  471:21   warning  'math' is not defined                               no-undef
  472:3    warning  Mixed spaces and tabs                               no-mixed-spaces-and-tabs
  472:20   warning  'math' is not defined                               no-undef
  473:3    warning  Mixed spaces and tabs                               no-mixed-spaces-and-tabs
  473:21   warning  'math' is not defined                               no-undef
  474:3    warning  Mixed spaces and tabs                               no-mixed-spaces-and-tabs
  475:3    warning  Mixed spaces and tabs                               no-mixed-spaces-and-tabs
  475:18   warning  'math' is not defined                               no-undef
  476:3    warning  Mixed spaces and tabs                               no-mixed-spaces-and-tabs
  477:3    warning  Mixed spaces and tabs                               no-mixed-spaces-and-tabs
  477:19   warning  'math' is not defined                               no-undef
  478:3    warning  Mixed spaces and tabs                               no-mixed-spaces-and-tabs
  478:20   warning  'math' is not defined                               no-undef
  479:3    warning  Mixed spaces and tabs                               no-mixed-spaces-and-tabs
  479:19   warning  'math' is not defined                               no-undef
  480:3    warning  Mixed spaces and tabs                               no-mixed-spaces-and-tabs
  481:3    warning  Mixed spaces and tabs                               no-mixed-spaces-and-tabs
  481:18   warning  'math' is not defined                               no-undef
  482:2    warning  Mixed spaces and tabs                               no-mixed-spaces-and-tabs
  483:3    warning  Mixed spaces and tabs                               no-mixed-spaces-and-tabs
  483:16   warning  'math' is not defined                               no-undef
  483:28   warning  'math' is not defined                               no-undef
  483:39   warning  'math' is not defined                               no-undef
  483:53   warning  'math' is not defined                               no-undef
  484:3    warning  Mixed spaces and tabs                               no-mixed-spaces-and-tabs
  485:3    warning  Mixed spaces and tabs                               no-mixed-spaces-and-tabs
  485:17   warning  'math' is not defined                               no-undef
  486:3    warning  Mixed spaces and tabs                               no-mixed-spaces-and-tabs
  486:17   warning  'math' is not defined                               no-undef
  487:3    warning  Mixed spaces and tabs                               no-mixed-spaces-and-tabs
  487:17   warning  'math' is not defined                               no-undef
  488:3    warning  Mixed spaces and tabs                               no-mixed-spaces-and-tabs
  488:17   warning  'math' is not defined                               no-undef
  489:3    warning  Mixed spaces and tabs                               no-mixed-spaces-and-tabs
  489:17   warning  'math' is not defined                               no-undef
  490:3    warning  Mixed spaces and tabs                               no-mixed-spaces-and-tabs
  490:17   warning  'math' is not defined                               no-undef
  491:3    warning  Mixed spaces and tabs                               no-mixed-spaces-and-tabs
  492:3    warning  Mixed spaces and tabs                               no-mixed-spaces-and-tabs
  492:18   warning  'math' is not defined                               no-undef
  493:3    warning  Mixed spaces and tabs                               no-mixed-spaces-and-tabs
  493:18   warning  'math' is not defined                               no-undef
  494:3    warning  Mixed spaces and tabs                               no-mixed-spaces-and-tabs
  495:3    warning  Mixed spaces and tabs                               no-mixed-spaces-and-tabs
  495:18   warning  'math' is not defined                               no-undef
  496:3    warning  Mixed spaces and tabs                               no-mixed-spaces-and-tabs
  496:18   warning  'math' is not defined                               no-undef
  497:3    warning  Mixed spaces and tabs                               no-mixed-spaces-and-tabs
  498:3    warning  Mixed spaces and tabs                               no-mixed-spaces-and-tabs
  498:16   warning  'math' is not defined                               no-undef
  498:28   warning  'math' is not defined                               no-undef
  498:39   warning  'math' is not defined                               no-undef
  498:53   warning  'math' is not defined                               no-undef
  499:3    warning  Mixed spaces and tabs                               no-mixed-spaces-and-tabs
  500:3    warning  Mixed spaces and tabs                               no-mixed-spaces-and-tabs
  501:3    warning  Mixed spaces and tabs                               no-mixed-spaces-and-tabs
  502:3    warning  Mixed spaces and tabs                               no-mixed-spaces-and-tabs
  503:3    warning  Mixed spaces and tabs                               no-mixed-spaces-and-tabs
  504:3    warning  Mixed spaces and tabs                               no-mixed-spaces-and-tabs
  505:3    warning  Mixed spaces and tabs                               no-mixed-spaces-and-tabs
  506:3    warning  Mixed spaces and tabs                               no-mixed-spaces-and-tabs
  522:3    warning  Mixed spaces and tabs                               no-mixed-spaces-and-tabs
  523:3    warning  Mixed spaces and tabs                               no-mixed-spaces-and-tabs
  523:15   warning  'math' is not defined                               no-undef
  524:3    warning  Mixed spaces and tabs                               no-mixed-spaces-and-tabs
  525:3    warning  Mixed spaces and tabs                               no-mixed-spaces-and-tabs
  526:3    warning  Mixed spaces and tabs                               no-mixed-spaces-and-tabs
  527:3    warning  Mixed spaces and tabs                               no-mixed-spaces-and-tabs
  527:17   warning  'math' is not defined                               no-undef
  527:29   warning  'math' is not defined                               no-undef
  528:3    warning  Mixed spaces and tabs                               no-mixed-spaces-and-tabs
  528:18   warning  'math' is not defined                               no-undef
  529:3    warning  Mixed spaces and tabs                               no-mixed-spaces-and-tabs
  529:19   warning  'math' is not defined                               no-undef
  530:3    warning  Mixed spaces and tabs                               no-mixed-spaces-and-tabs
  531:3    warning  Mixed spaces and tabs                               no-mixed-spaces-and-tabs
  531:15   warning  'math' is not defined                               no-undef
  531:27   warning  'math' is not defined                               no-undef
  531:38   warning  'math' is not defined                               no-undef
  531:52   warning  'math' is not defined                               no-undef
  532:3    warning  Mixed spaces and tabs                               no-mixed-spaces-and-tabs
  533:3    warning  Mixed spaces and tabs                               no-mixed-spaces-and-tabs
  534:3    warning  Mixed spaces and tabs                               no-mixed-spaces-and-tabs
  535:3    warning  Mixed spaces and tabs                               no-mixed-spaces-and-tabs
  536:3    warning  Mixed spaces and tabs                               no-mixed-spaces-and-tabs
  537:3    warning  Mixed spaces and tabs                               no-mixed-spaces-and-tabs
  538:3    warning  Mixed spaces and tabs                               no-mixed-spaces-and-tabs
  539:3    warning  Mixed spaces and tabs                               no-mixed-spaces-and-tabs
  540:3    warning  Mixed spaces and tabs                               no-mixed-spaces-and-tabs
  541:3    warning  Mixed spaces and tabs                               no-mixed-spaces-and-tabs
  541:18   warning  'math' is not defined                               no-undef
  542:3    warning  Mixed spaces and tabs                               no-mixed-spaces-and-tabs
  542:20   warning  'math' is not defined                               no-undef
  543:3    warning  Mixed spaces and tabs                               no-mixed-spaces-and-tabs
  543:21   warning  'math' is not defined                               no-undef
  544:3    warning  Mixed spaces and tabs                               no-mixed-spaces-and-tabs
  545:3    warning  Mixed spaces and tabs                               no-mixed-spaces-and-tabs
  545:7    warning  'DCharEq' is not defined                            no-undef
  546:3    warning  Mixed spaces and tabs                               no-mixed-spaces-and-tabs
  546:53   warning  'DCharEq' is not defined                            no-undef
  547:3    warning  Mixed spaces and tabs                               no-mixed-spaces-and-tabs
  548:3    warning  Mixed spaces and tabs                               no-mixed-spaces-and-tabs
  549:3    warning  Mixed spaces and tabs                               no-mixed-spaces-and-tabs
  549:18   warning  'math' is not defined                               no-undef
  549:30   warning  'math' is not defined                               no-undef
  549:41   warning  'math' is not defined                               no-undef
  549:55   warning  'math' is not defined                               no-undef
  550:3    warning  Mixed spaces and tabs                               no-mixed-spaces-and-tabs
  550:11   warning  'a42b2' is already defined                          no-redeclare
  550:19   warning  'math' is not defined                               no-undef
  550:31   warning  'math' is not defined                               no-undef
  550:42   warning  'math' is not defined                               no-undef
  550:56   warning  'math' is not defined                               no-undef
  551:3    warning  Mixed spaces and tabs                               no-mixed-spaces-and-tabs
  551:19   warning  'math' is not defined                               no-undef
  551:31   warning  'math' is not defined                               no-undef
  551:42   warning  'math' is not defined                               no-undef
  551:56   warning  'math' is not defined                               no-undef
  552:3    warning  Mixed spaces and tabs                               no-mixed-spaces-and-tabs
  552:11   warning  'a42a23' is already defined                         no-redeclare
  552:20   warning  'math' is not defined                               no-undef
  552:32   warning  'math' is not defined                               no-undef
  552:43   warning  'math' is not defined                               no-undef
  552:57   warning  'math' is not defined                               no-undef
  553:3    warning  Mixed spaces and tabs                               no-mixed-spaces-and-tabs
  553:11   warning  'a22b4' is already defined                          no-redeclare
  553:19   warning  'math' is not defined                               no-undef
  553:31   warning  'math' is not defined                               no-undef
  553:42   warning  'math' is not defined                               no-undef
  553:56   warning  'math' is not defined                               no-undef
  554:3    warning  Mixed spaces and tabs                               no-mixed-spaces-and-tabs
  554:11   warning  'a22a43' is already defined                         no-redeclare
  554:20   warning  'math' is not defined                               no-undef
  554:32   warning  'math' is not defined                               no-undef
  554:43   warning  'math' is not defined                               no-undef
  554:57   warning  'math' is not defined                               no-undef
  555:3    warning  Mixed spaces and tabs                               no-mixed-spaces-and-tabs
  555:11   warning  'a43b2' is already defined                          no-redeclare
  555:19   warning  'math' is not defined                               no-undef
  555:31   warning  'math' is not defined                               no-undef
  555:42   warning  'math' is not defined                               no-undef
  555:56   warning  'math' is not defined                               no-undef
  556:3    warning  Mixed spaces and tabs                               no-mixed-spaces-and-tabs
  557:3    warning  Mixed spaces and tabs                               no-mixed-spaces-and-tabs
  557:7    warning  'CharEq' is not defined                             no-undef
  558:3    warning  Mixed spaces and tabs                               no-mixed-spaces-and-tabs
  558:52   warning  'CharEq' is not defined                             no-undef
  559:3    warning  Mixed spaces and tabs                               no-mixed-spaces-and-tabs
  560:3    warning  Mixed spaces and tabs                               no-mixed-spaces-and-tabs
  561:3    warning  Mixed spaces and tabs                               no-mixed-spaces-and-tabs
  562:3    warning  Mixed spaces and tabs                               no-mixed-spaces-and-tabs
  563:3    warning  Mixed spaces and tabs                               no-mixed-spaces-and-tabs
  564:3    warning  Mixed spaces and tabs                               no-mixed-spaces-and-tabs
  565:3    warning  Mixed spaces and tabs                               no-mixed-spaces-and-tabs
  566:3    warning  Mixed spaces and tabs                               no-mixed-spaces-and-tabs
  568:3    warning  Mixed spaces and tabs                               no-mixed-spaces-and-tabs
  569:3    warning  Mixed spaces and tabs                               no-mixed-spaces-and-tabs
  570:2    warning  Mixed spaces and tabs                               no-mixed-spaces-and-tabs
  571:3    warning  Mixed spaces and tabs                               no-mixed-spaces-and-tabs
  572:3    warning  Mixed spaces and tabs                               no-mixed-spaces-and-tabs
  573:4    warning  Mixed spaces and tabs                               no-mixed-spaces-and-tabs
  574:4    warning  Mixed spaces and tabs                               no-mixed-spaces-and-tabs
  575:3    warning  Mixed spaces and tabs                               no-mixed-spaces-and-tabs
  576:3    warning  Mixed spaces and tabs                               no-mixed-spaces-and-tabs
  577:1    warning  Mixed spaces and tabs                               no-mixed-spaces-and-tabs
  579:1    warning  Mixed spaces and tabs                               no-mixed-spaces-and-tabs
  584:1    warning  Mixed spaces and tabs                               no-mixed-spaces-and-tabs
  585:1    warning  Mixed spaces and tabs                               no-mixed-spaces-and-tabs
  591:10   warning  'showRank' is defined but never used                no-unused-vars
  595:10   warning  'showDetQc' is defined but never used               no-unused-vars
  599:10   warning  'showinfo' is defined but never used                no-unused-vars
  603:10   warning  'GVc' is defined but never used                     no-unused-vars

 664 problems (0 errors, 664 warnings)
  0 errors and 10 warnings potentially fixable with the `--fix` option.

